This file contains any messages produced by compilers while
running configure, to aid debugging if configure makes a mistake.

It was created by jansson configure 2.11, which was
generated by GNU Autoconf 2.69.  Invocation command line was

  $ ./configure check

## --------- ##
## Platform. ##
## --------- ##

hostname = saurabh-OptiPlex-390
uname -m = x86_64
uname -r = 4.10.0-28-generic
uname -s = Linux
uname -v = #32~16.04.2-Ubuntu SMP Thu Jul 20 10:19:48 UTC 2017

/usr/bin/uname -p = unknown
/bin/uname -X     = unknown

/bin/arch              = unknown
/usr/bin/arch -k       = unknown
/usr/convex/getsysinfo = unknown
/usr/bin/hostinfo      = unknown
/bin/machine           = unknown
/usr/bin/oslevel       = unknown
/bin/universe          = unknown

PATH: /usr/local/sbin
PATH: /usr/local/bin
PATH: /usr/sbin
PATH: /usr/bin
PATH: /sbin
PATH: /bin
PATH: /usr/games
PATH: /usr/local/games


## ----------- ##
## Core tests. ##
## ----------- ##

configure:2407: checking for a BSD-compatible install
configure:2475: result: /usr/bin/install -c
configure:2486: checking whether build environment is sane
configure:2541: result: yes
configure:2692: checking for a thread-safe mkdir -p
configure:2731: result: /bin/mkdir -p
configure:2738: checking for gawk
configure:2754: found /usr/bin/gawk
configure:2765: result: gawk
configure:2776: checking whether make sets $(MAKE)
configure:2798: result: yes
configure:2827: checking whether make supports nested variables
configure:2844: result: yes
configure:2984: checking for check-gcc
configure:3014: result: no
configure:3024: checking for gcc
configure:3040: found /usr/bin/gcc
configure:3051: result: gcc
configure:3280: checking for C compiler version
configure:3289: gcc --version >&5
gcc (Ubuntu 5.4.0-6ubuntu1~16.04.9) 5.4.0 20160609
Copyright (C) 2015 Free Software Foundation, Inc.
This is free software; see the source for copying conditions.  There is NO
warranty; not even for MERCHANTABILITY or FITNESS FOR A PARTICULAR PURPOSE.

configure:3300: $? = 0
configure:3289: gcc -v >&5
Using built-in specs.
COLLECT_GCC=gcc
COLLECT_LTO_WRAPPER=/usr/lib/gcc/x86_64-linux-gnu/5/lto-wrapper
Target: x86_64-linux-gnu
Configured with: ../src/configure -v --with-pkgversion='Ubuntu 5.4.0-6ubuntu1~16.04.9' --with-bugurl=file:///usr/share/doc/gcc-5/README.Bugs --enable-languages=c,ada,c++,java,go,d,fortran,objc,obj-c++ --prefix=/usr --program-suffix=-5 --enable-shared --enable-linker-build-id --libexecdir=/usr/lib --without-included-gettext --enable-threads=posix --libdir=/usr/lib --enable-nls --with-sysroot=/ --enable-clocale=gnu --enable-libstdcxx-debug --enable-libstdcxx-time=yes --with-default-libstdcxx-abi=new --enable-gnu-unique-object --disable-vtable-verify --enable-libmpx --enable-plugin --with-system-zlib --disable-browser-plugin --enable-java-awt=gtk --enable-gtk-cairo --with-java-home=/usr/lib/jvm/java-1.5.0-gcj-5-amd64/jre --enable-java-home --with-jvm-root-dir=/usr/lib/jvm/java-1.5.0-gcj-5-amd64 --with-jvm-jar-dir=/usr/lib/jvm-exports/java-1.5.0-gcj-5-amd64 --with-arch-directory=amd64 --with-ecj-jar=/usr/share/java/eclipse-ecj.jar --enable-objc-gc --enable-multiarch --disable-werror --with-arch-32=i686 --with-abi=m64 --with-multilib-list=m32,m64,mx32 --enable-multilib --with-tune=generic --enable-checking=release --build=x86_64-linux-gnu --host=x86_64-linux-gnu --target=x86_64-linux-gnu
Thread model: posix
gcc version 5.4.0 20160609 (Ubuntu 5.4.0-6ubuntu1~16.04.9) 
configure:3300: $? = 0
configure:3289: gcc -V >&5
gcc: error: unrecognized command line option '-V'
gcc: fatal error: no input files
compilation terminated.
configure:3300: $? = 1
configure:3289: gcc -qversion >&5
gcc: error: unrecognized command line option '-qversion'
gcc: fatal error: no input files
compilation terminated.
configure:3300: $? = 1
configure:3320: checking whether the C compiler works
configure:3342: gcc    conftest.c  >&5
configure:3346: $? = 0
configure:3394: result: yes
configure:3397: checking for C compiler default output file name
configure:3399: result: a.out
configure:3405: checking for suffix of executables
configure:3412: gcc -o conftest    conftest.c  >&5
configure:3416: $? = 0
configure:3438: result: 
configure:3460: checking whether we are cross compiling
configure:3468: gcc -o conftest    conftest.c  >&5
configure:3472: $? = 0
configure:3479: ./conftest
configure:3483: $? = 0
configure:3498: result: no
configure:3503: checking for suffix of object files
configure:3525: gcc -c   conftest.c >&5
configure:3529: $? = 0
configure:3550: result: o
configure:3554: checking whether we are using the GNU C compiler
configure:3573: gcc -c   conftest.c >&5
configure:3573: $? = 0
configure:3582: result: yes
configure:3591: checking whether gcc accepts -g
configure:3611: gcc -c -g  conftest.c >&5
configure:3611: $? = 0
configure:3652: result: yes
configure:3669: checking for gcc option to accept ISO C89
configure:3732: gcc  -c -g -O2  conftest.c >&5
configure:3732: $? = 0
configure:3745: result: none needed
configure:3770: checking whether gcc understands -c and -o together
configure:3792: gcc -c conftest.c -o conftest2.o
configure:3795: $? = 0
configure:3792: gcc -c conftest.c -o conftest2.o
configure:3795: $? = 0
configure:3807: result: yes
configure:3835: checking for style of include used by make
configure:3863: result: GNU
configure:3889: checking dependency style of gcc
configure:4000: result: gcc3
configure:4044: checking build system type
configure:4055: error: /bin/sh ./config.sub check failed

## ---------------- ##
## Cache variables. ##
## ---------------- ##

ac_cv_build=
ac_cv_c_compiler_gnu=yes
ac_cv_env_CC_set=
ac_cv_env_CC_value=
ac_cv_env_CFLAGS_set=
ac_cv_env_CFLAGS_value=
ac_cv_env_CPPFLAGS_set=
ac_cv_env_CPPFLAGS_value=
ac_cv_env_CPP_set=
ac_cv_env_CPP_value=
ac_cv_env_LDFLAGS_set=
ac_cv_env_LDFLAGS_value=
ac_cv_env_LIBS_set=
ac_cv_env_LIBS_value=
ac_cv_env_LT_SYS_LIBRARY_PATH_set=
ac_cv_env_LT_SYS_LIBRARY_PATH_value=
ac_cv_env_build_alias_set=set
ac_cv_env_build_alias_value=check
ac_cv_env_host_alias_set=set
ac_cv_env_host_alias_value=check
ac_cv_env_target_alias_set=set
ac_cv_env_target_alias_value=check
ac_cv_objext=o
ac_cv_path_install='/usr/bin/install -c'
ac_cv_path_mkdir=/bin/mkdir
ac_cv_prog_AWK=gawk
ac_cv_prog_ac_ct_CC=gcc
ac_cv_prog_cc_c89=
ac_cv_prog_cc_g=yes
ac_cv_prog_make_make_set=yes
am_cv_CC_dependencies_compiler_type=gcc3
am_cv_make_support_nested_variables=yes
am_cv_prog_cc_c_o=yes

## ----------------- ##
## Output variables. ##
## ----------------- ##

ACLOCAL='${SHELL} /home/saurabh/jansson/jansson-2.11/missing aclocal-1.15'
AMDEPBACKSLASH='\'
AMDEP_FALSE='#'
AMDEP_TRUE=''
AMTAR='$${TAR-tar}'
AM_BACKSLASH='\'
AM_CFLAGS=''
AM_DEFAULT_V='$(AM_DEFAULT_VERBOSITY)'
AM_DEFAULT_VERBOSITY='1'
AM_V='$(V)'
AR=''
AUTOCONF='${SHELL} /home/saurabh/jansson/jansson-2.11/missing autoconf'
AUTOHEADER='${SHELL} /home/saurabh/jansson/jansson-2.11/missing autoheader'
AUTOMAKE='${SHELL} /home/saurabh/jansson/jansson-2.11/missing automake-1.15'
AWK='gawk'
CC='gcc'
CCDEPMODE='depmode=gcc3'
CFLAGS='-g -O2'
CPP=''
CPPFLAGS=''
CYGPATH_W='echo'
DEFS=''
DEPDIR='.deps'
DLLTOOL=''
DSYMUTIL=''
DUMPBIN=''
ECHO_C=''
ECHO_N='-n'
ECHO_T=''
EGREP=''
EXEEXT=''
FGREP=''
GCC_FALSE=''
GCC_TRUE=''
GREP=''
INSTALL_DATA='${INSTALL} -m 644'
INSTALL_PROGRAM='${INSTALL}'
INSTALL_SCRIPT='${INSTALL}'
INSTALL_STRIP_PROGRAM='$(install_sh) -c -s'
LD=''
LDFLAGS=''
LIBOBJS=''
LIBS=''
LIBTOOL=''
LIPO=''
LN_S=''
LTLIBOBJS=''
LT_SYS_LIBRARY_PATH=''
MAKEINFO='${SHELL} /home/saurabh/jansson/jansson-2.11/missing makeinfo'
MANIFEST_TOOL=''
MKDIR_P='/bin/mkdir -p'
NM=''
NMEDIT=''
OBJDUMP=''
OBJEXT='o'
OTOOL64=''
OTOOL=''
PACKAGE='jansson'
PACKAGE_BUGREPORT='petri@digip.org'
PACKAGE_NAME='jansson'
PACKAGE_STRING='jansson 2.11'
PACKAGE_TARNAME='jansson'
PACKAGE_URL=''
PACKAGE_VERSION='2.11'
PATH_SEPARATOR=':'
RANLIB=''
SED=''
SET_MAKE=''
SHELL='/bin/sh'
STRIP=''
VERSION='2.11'
ac_ct_AR=''
ac_ct_CC='gcc'
ac_ct_DUMPBIN=''
am__EXEEXT_FALSE=''
am__EXEEXT_TRUE=''
am__fastdepCC_FALSE='#'
am__fastdepCC_TRUE=''
am__include='include'
am__isrc=''
am__leading_dot='.'
am__nodep='_no'
am__quote=''
am__tar='$${TAR-tar} chof - "$$tardir"'
am__untar='$${TAR-tar} xf -'
bindir='${exec_prefix}/bin'
build='check'
build_alias='check'
build_cpu=''
build_os=''
build_vendor=''
datadir='${datarootdir}'
datarootdir='${prefix}/share'
docdir='${datarootdir}/doc/${PACKAGE_TARNAME}'
dvidir='${docdir}'
exec_prefix='NONE'
host='check'
host_alias='check'
host_cpu=''
host_os=''
host_vendor=''
htmldir='${docdir}'
includedir='${prefix}/include'
infodir='${datarootdir}/info'
install_sh='${SHELL} /home/saurabh/jansson/jansson-2.11/install-sh'
json_have_atomic_builtins=''
json_have_localeconv=''
json_have_long_long=''
json_have_sync_builtins=''
json_inline=''
libdir='${exec_prefix}/lib'
libexecdir='${exec_prefix}/libexec'
localedir='${datarootdir}/locale'
localstatedir='${prefix}/var'
mandir='${datarootdir}/man'
mkdir_p='$(MKDIR_P)'
oldincludedir='/usr/include'
pdfdir='${docdir}'
prefix='NONE'
program_transform_name='s,x,x,'
psdir='${docdir}'
sbindir='${exec_prefix}/sbin'
sharedstatedir='${prefix}/com'
sysconfdir='${prefix}/etc'
target_alias='check'

## ----------- ##
## confdefs.h. ##
## ----------- ##

/* confdefs.h */
#define PACKAGE_NAME "jansson"
#define PACKAGE_TARNAME "jansson"
#define PACKAGE_VERSION "2.11"
#define PACKAGE_STRING "jansson 2.11"
#define PACKAGE_BUGREPORT "petri@digip.org"
#define PACKAGE_URL ""
#define PACKAGE "jansson"
#define VERSION "2.11"

configure: exit 1
